<?xml version="1.0" encoding="UTF-8"?>
<!-- Generated by org.testng.reporters.JUnitXMLReporter -->
<testsuite hostname="DESKTOP-K720T7V" ignored="0" tests="18" failures="5" timestamp="2021-12-01T21:00:08 IST" time="43.669" errors="0">
  <testcase name="test01_loginToGrafana" time="0.682" classname="GrafanaTests"/>
  <testcase name="test02_grafanaLogo" time="5.021" classname="GrafanaTests">
    <failure type="java.lang.AssertionError">
      <![CDATA[java.lang.AssertionError: 
at Extensions.Verifications.verifyImage(Verifications.java:28)
at GrafanaTests.test02_grafanaLogo(GrafanaTests.java:27)
at java.util.ArrayList.forEach(ArrayList.java:1257)
... Removed 34 stack frames]]>
    </failure>
  </testcase> <!-- test02_grafanaLogo -->
  <testcase name="test03_resizeDashboard" time="1.052" classname="GrafanaTests">
    <failure type="java.lang.AssertionError" message="expected:&amp;lt;{width=1625px, height=550px}&amp;gt; but was:&amp;lt;{width=1275px, height=550px}&amp;gt;">
      <![CDATA[java.lang.AssertionError: expected:<{width=1625px, height=550px}> but was:<{width=1275px, height=550px}>
at Extensions.Verifications.verifyDimensions(Verifications.java:33)
at GrafanaTests.test03_resizeDashboard(GrafanaTests.java:34)
at java.util.ArrayList.forEach(ArrayList.java:1257)
... Removed 35 stack frames]]>
    </failure>
  </testcase> <!-- test03_resizeDashboard -->
  <testcase name="test0401_addNewUsers" time="0.866" classname="GrafanaTests"/>
  <testcase name="test0401_addNewUsers" time="0.829" classname="GrafanaTests"/>
  <testcase name="test0401_addNewUsers" time="0.828" classname="GrafanaTests"/>
  <testcase name="test0401_addNewUsers" time="0.826" classname="GrafanaTests"/>
  <testcase name="test0401_addNewUsers" time="0.84" classname="GrafanaTests"/>
  <testcase name="test0401_addNewUsers" time="0.852" classname="GrafanaTests"/>
  <testcase name="test0401_addNewUsers" time="0.829" classname="GrafanaTests"/>
  <testcase name="test0401_addNewUsers" time="0.804" classname="GrafanaTests"/>
  <testcase name="test0401_addNewUsers" time="0.912" classname="GrafanaTests"/>
  <testcase name="test0401_addNewUsers" time="0.835" classname="GrafanaTests"/>
  <testcase name="test0401_addNewUsers" time="0.874" classname="GrafanaTests"/>
  <testcase name="test0401_addNewUsers" time="0.877" classname="GrafanaTests"/>
  <testcase name="test0402_verifyAllUserAdded" time="0.277" classname="GrafanaTests">
    <failure type="java.lang.AssertionError" message="expected:&amp;lt;13&amp;gt; but was:&amp;lt;14&amp;gt;">
      <![CDATA[java.lang.AssertionError: expected:<13> but was:<14>
at Extensions.Verifications.verifyUsersAdded(Verifications.java:38)
at GrafanaTests.test0402_verifyAllUserAdded(GrafanaTests.java:50)
at java.util.ArrayList.forEach(ArrayList.java:1257)
... Removed 36 stack frames]]>
    </failure>
  </testcase> <!-- test0402_verifyAllUserAdded -->
  <testcase name="test05_deletePanel" time="10.528" classname="GrafanaTests">
    <failure type="org.openqa.selenium.NoSuchElementException" message="no such element: Unable to locate element: {&amp;quot;method&amp;quot;:&amp;quot;css selector&amp;quot;,&amp;quot;selector&amp;quot;:&amp;quot;div.css-3tu9gd &amp;gt; div:nth-child(1)&amp;quot;}
  (Session info: chrome=96.0.4664.45)
For documentation on this error, please visit: https://www.seleniumhq.org/exceptions/no_such_element.html
Build info: version: &amp;apos;3.141.59&amp;apos;, revision: &amp;apos;e82be7d358&amp;apos;, time: &amp;apos;2018-11-14T08:17:03&amp;apos;
System info: host: &amp;apos;DESKTOP-K720T7V&amp;apos;, ip: &amp;apos;10.0.0.1&amp;apos;, os.name: &amp;apos;Windows 10&amp;apos;, os.arch: &amp;apos;amd64&amp;apos;, os.version: &amp;apos;10.0&amp;apos;, java.version: &amp;apos;1.8.0_211&amp;apos;
Driver info: org.openqa.selenium.chrome.ChromeDriver
Capabilities {acceptInsecureCerts: false, browserName: chrome, browserVersion: 96.0.4664.45, chrome: {chromedriverVersion: 96.0.4664.45 (76e4c1bb2ab46..., userDataDir: C:\Users\Some1\AppData\Loca...}, goog:chromeOptions: {debuggerAddress: localhost:52953}, javascriptEnabled: true, networkConnectionEnabled: false, pageLoadStrategy: normal, platform: WINDOWS, platformName: WINDOWS, proxy: Proxy(), setWindowRect: true, strictFileInteractability: false, timeouts: {implicit: 0, pageLoad: 300000, script: 30000}, unhandledPromptBehavior: dismiss and notify, webauthn:extension:credBlob: true, webauthn:extension:largeBlob: true, webauthn:virtualAuthenticators: true}
Session ID: 33186fe7eec1d524d2419e88a90cdb6f
*** Element info: {Using=css selector, value=div.css-3tu9gd &amp;gt; div:nth-child(1)}">
      <![CDATA[org.openqa.selenium.NoSuchElementException: no such element: Unable to locate element: {"method":"css selector","selector":"div.css-3tu9gd > div:nth-child(1)"}
  (Session info: chrome=96.0.4664.45)
For documentation on this error, please visit: https://www.seleniumhq.org/exceptions/no_such_element.html
Build info: version: '3.141.59', revision: 'e82be7d358', time: '2018-11-14T08:17:03'
System info: host: 'DESKTOP-K720T7V', ip: '10.0.0.1', os.name: 'Windows 10', os.arch: 'amd64', os.version: '10.0', java.version: '1.8.0_211'
Driver info: org.openqa.selenium.chrome.ChromeDriver
Capabilities {acceptInsecureCerts: false, browserName: chrome, browserVersion: 96.0.4664.45, chrome: {chromedriverVersion: 96.0.4664.45 (76e4c1bb2ab46..., userDataDir: C:\Users\Some1\AppData\Loca...}, goog:chromeOptions: {debuggerAddress: localhost:52953}, javascriptEnabled: true, networkConnectionEnabled: false, pageLoadStrategy: normal, platform: WINDOWS, platformName: WINDOWS, proxy: Proxy(), setWindowRect: true, strictFileInteractability: false, timeouts: {implicit: 0, pageLoad: 300000, script: 30000}, unhandledPromptBehavior: dismiss and notify, webauthn:extension:credBlob: true, webauthn:extension:largeBlob: true, webauthn:virtualAuthenticators: true}
Session ID: 33186fe7eec1d524d2419e88a90cdb6f
*** Element info: {Using=css selector, value=div.css-3tu9gd > div:nth-child(1)}
at org.openqa.selenium.remote.http.W3CHttpResponseCodec.createException(W3CHttpResponseCodec.java:187)
at org.openqa.selenium.remote.http.W3CHttpResponseCodec.decode(W3CHttpResponseCodec.java:122)
at org.openqa.selenium.remote.http.W3CHttpResponseCodec.decode(W3CHttpResponseCodec.java:49)
at org.openqa.selenium.remote.HttpCommandExecutor.execute(HttpCommandExecutor.java:158)
at org.openqa.selenium.remote.service.DriverCommandExecutor.execute(DriverCommandExecutor.java:83)
at org.openqa.selenium.remote.RemoteWebDriver.execute(RemoteWebDriver.java:552)
at org.openqa.selenium.remote.RemoteWebDriver.findElement(RemoteWebDriver.java:323)
at org.openqa.selenium.remote.RemoteWebDriver.findElementByCssSelector(RemoteWebDriver.java:420)
at org.openqa.selenium.By$ByCssSelector.findElement(By.java:431)
at org.openqa.selenium.remote.RemoteWebDriver.findElement(RemoteWebDriver.java:315)
at org.openqa.selenium.support.pagefactory.DefaultElementLocator.findElement(DefaultElementLocator.java:69)
at org.openqa.selenium.support.pagefactory.internal.LocatingElementHandler.invoke(LocatingElementHandler.java:38)
at com.sun.proxy.$Proxy10.click(Unknown Source)
at Extensions.UIActions.clickElement(UIActions.java:23)
at WorkFlows.GrafanaWorkFlows.deletePanel(GrafanaWorkFlows.java:86)
at GrafanaTests.test05_deletePanel(GrafanaTests.java:56)
at java.util.ArrayList.forEach(ArrayList.java:1257)
... Removed 35 stack frames]]>
    </failure>
  </testcase> <!-- test05_deletePanel -->
  <testcase name="test06_addPanel" time="10.211" classname="GrafanaTests">
    <failure type="org.openqa.selenium.NoSuchElementException" message="no such element: Unable to locate element: {&amp;quot;method&amp;quot;:&amp;quot;xpath&amp;quot;,&amp;quot;selector&amp;quot;:&amp;quot;//*[@id=&amp;quot;reactRoot&amp;quot;]/div/main/div[3]/div/div/div[1]/div/div/div[1]/div/div/div/div/div/div[2]/div[1]/div[1]&amp;quot;}
  (Session info: chrome=96.0.4664.45)
For documentation on this error, please visit: https://www.seleniumhq.org/exceptions/no_such_element.html
Build info: version: &amp;apos;3.141.59&amp;apos;, revision: &amp;apos;e82be7d358&amp;apos;, time: &amp;apos;2018-11-14T08:17:03&amp;apos;
System info: host: &amp;apos;DESKTOP-K720T7V&amp;apos;, ip: &amp;apos;10.0.0.1&amp;apos;, os.name: &amp;apos;Windows 10&amp;apos;, os.arch: &amp;apos;amd64&amp;apos;, os.version: &amp;apos;10.0&amp;apos;, java.version: &amp;apos;1.8.0_211&amp;apos;
Driver info: org.openqa.selenium.chrome.ChromeDriver
Capabilities {acceptInsecureCerts: false, browserName: chrome, browserVersion: 96.0.4664.45, chrome: {chromedriverVersion: 96.0.4664.45 (76e4c1bb2ab46..., userDataDir: C:\Users\Some1\AppData\Loca...}, goog:chromeOptions: {debuggerAddress: localhost:52953}, javascriptEnabled: true, networkConnectionEnabled: false, pageLoadStrategy: normal, platform: WINDOWS, platformName: WINDOWS, proxy: Proxy(), setWindowRect: true, strictFileInteractability: false, timeouts: {implicit: 0, pageLoad: 300000, script: 30000}, unhandledPromptBehavior: dismiss and notify, webauthn:extension:credBlob: true, webauthn:extension:largeBlob: true, webauthn:virtualAuthenticators: true}
Session ID: 33186fe7eec1d524d2419e88a90cdb6f
*** Element info: {Using=xpath, value=//*[@id=&amp;quot;reactRoot&amp;quot;]/div/main/div[3]/div/div/div[1]/div/div/div[1]/div/div/div/div/div/div[2]/div[1]/div[1]}">
      <![CDATA[org.openqa.selenium.NoSuchElementException: no such element: Unable to locate element: {"method":"xpath","selector":"//*[@id="reactRoot"]/div/main/div[3]/div/div/div[1]/div/div/div[1]/div/div/div/div/div/div[2]/div[1]/div[1]"}
  (Session info: chrome=96.0.4664.45)
For documentation on this error, please visit: https://www.seleniumhq.org/exceptions/no_such_element.html
Build info: version: '3.141.59', revision: 'e82be7d358', time: '2018-11-14T08:17:03'
System info: host: 'DESKTOP-K720T7V', ip: '10.0.0.1', os.name: 'Windows 10', os.arch: 'amd64', os.version: '10.0', java.version: '1.8.0_211'
Driver info: org.openqa.selenium.chrome.ChromeDriver
Capabilities {acceptInsecureCerts: false, browserName: chrome, browserVersion: 96.0.4664.45, chrome: {chromedriverVersion: 96.0.4664.45 (76e4c1bb2ab46..., userDataDir: C:\Users\Some1\AppData\Loca...}, goog:chromeOptions: {debuggerAddress: localhost:52953}, javascriptEnabled: true, networkConnectionEnabled: false, pageLoadStrategy: normal, platform: WINDOWS, platformName: WINDOWS, proxy: Proxy(), setWindowRect: true, strictFileInteractability: false, timeouts: {implicit: 0, pageLoad: 300000, script: 30000}, unhandledPromptBehavior: dismiss and notify, webauthn:extension:credBlob: true, webauthn:extension:largeBlob: true, webauthn:virtualAuthenticators: true}
Session ID: 33186fe7eec1d524d2419e88a90cdb6f
*** Element info: {Using=xpath, value=//*[@id="reactRoot"]/div/main/div[3]/div/div/div[1]/div/div/div[1]/div/div/div/div/div/div[2]/div[1]/div[1]}
at org.openqa.selenium.remote.http.W3CHttpResponseCodec.createException(W3CHttpResponseCodec.java:187)
at org.openqa.selenium.remote.http.W3CHttpResponseCodec.decode(W3CHttpResponseCodec.java:122)
at org.openqa.selenium.remote.http.W3CHttpResponseCodec.decode(W3CHttpResponseCodec.java:49)
at org.openqa.selenium.remote.HttpCommandExecutor.execute(HttpCommandExecutor.java:158)
at org.openqa.selenium.remote.service.DriverCommandExecutor.execute(DriverCommandExecutor.java:83)
at org.openqa.selenium.remote.RemoteWebDriver.execute(RemoteWebDriver.java:552)
at org.openqa.selenium.remote.RemoteWebDriver.findElement(RemoteWebDriver.java:323)
at org.openqa.selenium.remote.RemoteWebDriver.findElementByXPath(RemoteWebDriver.java:428)
at org.openqa.selenium.By$ByXPath.findElement(By.java:353)
at org.openqa.selenium.remote.RemoteWebDriver.findElement(RemoteWebDriver.java:315)
at org.openqa.selenium.support.pagefactory.DefaultElementLocator.findElement(DefaultElementLocator.java:69)
at org.openqa.selenium.support.pagefactory.internal.LocatingElementHandler.invoke(LocatingElementHandler.java:38)
at com.sun.proxy.$Proxy10.click(Unknown Source)
at Extensions.UIActions.clickElement(UIActions.java:23)
at WorkFlows.GrafanaWorkFlows.createDashboard(GrafanaWorkFlows.java:101)
at GrafanaTests.test06_addPanel(GrafanaTests.java:63)
at java.util.ArrayList.forEach(ArrayList.java:1257)
... Removed 35 stack frames]]>
    </failure>
  </testcase> <!-- test06_addPanel -->
</testsuite>
