{"uuid":"01ed7d40-1a0e-4ee6-8503-ea19dfd75fd6","historyId":"41b19dc25bd5bd867ebc0c4ae18dfd0e","fullName":"DesktopAppTests.test2","labels":[{"name":"package","value":"DesktopAppTests"},{"name":"testClass","value":"DesktopAppTests"},{"name":"testMethod","value":"test2"},{"name":"parentSuite","value":"Desktop Suite"},{"name":"suite","value":"Desktop Test"},{"name":"subSuite","value":"DesktopAppTests"},{"name":"host","value":"Rolan"},{"name":"thread","value":"42052@Rolan.main(1)"},{"name":"framework","value":"testng"},{"name":"language","value":"java"}],"links":[],"name":"Test Multiplication function","status":"failed","statusDetails":{"known":false,"muted":false,"flaky":false,"message":"expected:<49> but was:<63>","trace":"java.lang.AssertionError: expected:<49> but was:<63>\r\n\tat org.testng.AssertJUnit.assertEquals(AssertJUnit.java:82)\r\n\tat org.testng.AssertJUnit.assertEquals(AssertJUnit.java:87)\r\n\tat Extensions.Verifications.verifyText(Verifications.java:22)\r\n\tat DesktopAppTests.test2(DesktopAppTests.java:25)\r\n\tat sun.reflect.NativeMethodAccessorImpl.invoke0(Native Method)\r\n\tat sun.reflect.NativeMethodAccessorImpl.invoke(NativeMethodAccessorImpl.java:62)\r\n\tat sun.reflect.DelegatingMethodAccessorImpl.invoke(DelegatingMethodAccessorImpl.java:43)\r\n\tat java.lang.reflect.Method.invoke(Method.java:498)\r\n\tat org.testng.internal.MethodInvocationHelper.invokeMethod(MethodInvocationHelper.java:133)\r\n\tat org.testng.internal.TestInvoker.invokeMethod(TestInvoker.java:584)\r\n\tat org.testng.internal.TestInvoker.invokeTestMethod(TestInvoker.java:172)\r\n\tat org.testng.internal.MethodRunner.runInSequence(MethodRunner.java:46)\r\n\tat org.testng.internal.TestInvoker$MethodInvocationAgent.invoke(TestInvoker.java:804)\r\n\tat org.testng.internal.TestInvoker.invokeTestMethods(TestInvoker.java:145)\r\n\tat org.testng.internal.TestMethodWorker.invokeTestMethods(TestMethodWorker.java:146)\r\n\tat org.testng.internal.TestMethodWorker.run(TestMethodWorker.java:128)\r\n\tat java.util.ArrayList.forEach(ArrayList.java:1257)\r\n\tat org.testng.TestRunner.privateRun(TestRunner.java:770)\r\n\tat org.testng.TestRunner.run(TestRunner.java:591)\r\n\tat org.testng.SuiteRunner.runTest(SuiteRunner.java:402)\r\n\tat org.testng.SuiteRunner.runSequentially(SuiteRunner.java:396)\r\n\tat org.testng.SuiteRunner.privateRun(SuiteRunner.java:355)\r\n\tat org.testng.SuiteRunner.run(SuiteRunner.java:304)\r\n\tat org.testng.SuiteRunnerWorker.runSuite(SuiteRunnerWorker.java:53)\r\n\tat org.testng.SuiteRunnerWorker.run(SuiteRunnerWorker.java:96)\r\n\tat org.testng.TestNG.runSuitesSequentially(TestNG.java:1180)\r\n\tat org.testng.TestNG.runSuitesLocally(TestNG.java:1102)\r\n\tat org.testng.TestNG.runSuites(TestNG.java:1032)\r\n\tat org.testng.TestNG.run(TestNG.java:1000)\r\n\tat com.intellij.rt.testng.IDEARemoteTestNG.run(IDEARemoteTestNG.java:66)\r\n\tat com.intellij.rt.testng.RemoteTestNGStarter.main(RemoteTestNGStarter.java:109)\r\n"},"stage":"finished","description":"Verify Multiplication function result","steps":[{"name":"Click web element.","status":"passed","stage":"finished","steps":[],"attachments":[],"parameters":[{"name":"webElement","value":"[[io.appium.java_client.windows.WindowsDriver, Capabilities: {app=Microsoft.WindowsCalculator_8wekyb3d8bbwe!App, javascriptEnabled=true, platform=WINDOWS, platformName=Windows}] -> name: Seven]"}],"start":1638374936631,"stop":1638374936960},{"name":"Click web element.","status":"passed","stage":"finished","steps":[],"attachments":[],"parameters":[{"name":"webElement","value":"[[io.appium.java_client.windows.WindowsDriver, Capabilities: {app=Microsoft.WindowsCalculator_8wekyb3d8bbwe!App, javascriptEnabled=true, platform=WINDOWS, platformName=Windows}] -> name: Multiply by]"}],"start":1638374937089,"stop":1638374937400},{"name":"Click web element.","status":"passed","stage":"finished","steps":[],"attachments":[],"parameters":[{"name":"webElement","value":"[[io.appium.java_client.windows.WindowsDriver, Capabilities: {app=Microsoft.WindowsCalculator_8wekyb3d8bbwe!App, javascriptEnabled=true, platform=WINDOWS, platformName=Windows}] -> name: Nine]"}],"start":1638374937551,"stop":1638374937863},{"name":"Click web element.","status":"passed","stage":"finished","steps":[],"attachments":[],"parameters":[{"name":"webElement","value":"[[io.appium.java_client.windows.WindowsDriver, Capabilities: {app=Microsoft.WindowsCalculator_8wekyb3d8bbwe!App, javascriptEnabled=true, platform=WINDOWS, platformName=Windows}] -> name: Equals]"}],"start":1638374937997,"stop":1638374938295},{"name":"Verify given strings.","status":"failed","statusDetails":{"known":false,"muted":false,"flaky":false,"message":"expected:<49> but was:<63>","trace":"java.lang.AssertionError: expected:<49> but was:<63>\r\n\tat org.testng.AssertJUnit.assertEquals(AssertJUnit.java:82)\r\n\tat org.testng.AssertJUnit.assertEquals(AssertJUnit.java:87)\r\n\tat Extensions.Verifications.verifyText(Verifications.java:22)\r\n\tat DesktopAppTests.test2(DesktopAppTests.java:25)\r\n\tat sun.reflect.NativeMethodAccessorImpl.invoke0(Native Method)\r\n\tat sun.reflect.NativeMethodAccessorImpl.invoke(NativeMethodAccessorImpl.java:62)\r\n\tat sun.reflect.DelegatingMethodAccessorImpl.invoke(DelegatingMethodAccessorImpl.java:43)\r\n\tat java.lang.reflect.Method.invoke(Method.java:498)\r\n\tat org.testng.internal.MethodInvocationHelper.invokeMethod(MethodInvocationHelper.java:133)\r\n\tat org.testng.internal.TestInvoker.invokeMethod(TestInvoker.java:584)\r\n\tat org.testng.internal.TestInvoker.invokeTestMethod(TestInvoker.java:172)\r\n\tat org.testng.internal.MethodRunner.runInSequence(MethodRunner.java:46)\r\n\tat org.testng.internal.TestInvoker$MethodInvocationAgent.invoke(TestInvoker.java:804)\r\n\tat org.testng.internal.TestInvoker.invokeTestMethods(TestInvoker.java:145)\r\n\tat org.testng.internal.TestMethodWorker.invokeTestMethods(TestMethodWorker.java:146)\r\n\tat org.testng.internal.TestMethodWorker.run(TestMethodWorker.java:128)\r\n\tat java.util.ArrayList.forEach(ArrayList.java:1257)\r\n\tat org.testng.TestRunner.privateRun(TestRunner.java:770)\r\n\tat org.testng.TestRunner.run(TestRunner.java:591)\r\n\tat org.testng.SuiteRunner.runTest(SuiteRunner.java:402)\r\n\tat org.testng.SuiteRunner.runSequentially(SuiteRunner.java:396)\r\n\tat org.testng.SuiteRunner.privateRun(SuiteRunner.java:355)\r\n\tat org.testng.SuiteRunner.run(SuiteRunner.java:304)\r\n\tat org.testng.SuiteRunnerWorker.runSuite(SuiteRunnerWorker.java:53)\r\n\tat org.testng.SuiteRunnerWorker.run(SuiteRunnerWorker.java:96)\r\n\tat org.testng.TestNG.runSuitesSequentially(TestNG.java:1180)\r\n\tat org.testng.TestNG.runSuitesLocally(TestNG.java:1102)\r\n\tat org.testng.TestNG.runSuites(TestNG.java:1032)\r\n\tat org.testng.TestNG.run(TestNG.java:1000)\r\n\tat com.intellij.rt.testng.IDEARemoteTestNG.run(IDEARemoteTestNG.java:66)\r\n\tat com.intellij.rt.testng.RemoteTestNGStarter.main(RemoteTestNGStarter.java:109)\r\n"},"stage":"finished","steps":[],"attachments":[],"parameters":[{"name":"actual","value":"49"},{"name":"expected","value":"63"}],"start":1638374938749,"stop":1638374938751}],"attachments":[],"parameters":[{"name":"PlatformName","value":"desktop"},{"name":"BrowserName","value":"chrome"},{"name":"DDTFile","value":".\\Files\\NewUsers.csv"},{"name":"ActiveDB","value":"no"},{"name":"DBPassword","value":""},{"name":"Timeout","value":"5"},{"name":"ApiUserName","value":""},{"name":"DBURL","value":""},{"name":"ApiPassword","value":""},{"name":"URL","value":"http://localhost:3000/"},{"name":"DBUsername","value":""}],"start":1638374936531,"stop":1638374938909}