{"uuid":"279c8892-d737-4128-a262-3a5d9107b52d","historyId":"bcb715f4fe335eeba464f48609bb0727","fullName":"GrafanaTests.test0402_verifyAllUserAdded","labels":[{"name":"package","value":"GrafanaTests"},{"name":"testClass","value":"GrafanaTests"},{"name":"testMethod","value":"test0402_verifyAllUserAdded"},{"name":"parentSuite","value":"Web Suite"},{"name":"suite","value":"Web Test"},{"name":"subSuite","value":"GrafanaTests"},{"name":"host","value":"Rolan"},{"name":"thread","value":"24056@Rolan.main(1)"},{"name":"framework","value":"testng"},{"name":"language","value":"java"}],"links":[],"name":"test0402_verifyAllUserAdded","status":"failed","statusDetails":{"known":false,"muted":false,"flaky":false,"message":"expected:<0> but was:<13>","trace":"java.lang.AssertionError: expected:<0> but was:<13>\r\n\tat org.testng.AssertJUnit.fail(AssertJUnit.java:47)\r\n\tat org.testng.AssertJUnit.failNotEquals(AssertJUnit.java:330)\r\n\tat org.testng.AssertJUnit.assertEquals(AssertJUnit.java:66)\r\n\tat org.testng.AssertJUnit.assertEquals(AssertJUnit.java:213)\r\n\tat org.testng.AssertJUnit.assertEquals(AssertJUnit.java:218)\r\n\tat Extensions.Verifications.verifyUsersAdded(Verifications.java:37)\r\n\tat GrafanaTests.test0402_verifyAllUserAdded(GrafanaTests.java:46)\r\n\tat sun.reflect.NativeMethodAccessorImpl.invoke0(Native Method)\r\n\tat sun.reflect.NativeMethodAccessorImpl.invoke(NativeMethodAccessorImpl.java:62)\r\n\tat sun.reflect.DelegatingMethodAccessorImpl.invoke(DelegatingMethodAccessorImpl.java:43)\r\n\tat java.lang.reflect.Method.invoke(Method.java:498)\r\n\tat org.testng.internal.MethodInvocationHelper.invokeMethod(MethodInvocationHelper.java:133)\r\n\tat org.testng.internal.TestInvoker.invokeMethod(TestInvoker.java:584)\r\n\tat org.testng.internal.TestInvoker.invokeTestMethod(TestInvoker.java:172)\r\n\tat org.testng.internal.MethodRunner.runInSequence(MethodRunner.java:46)\r\n\tat org.testng.internal.TestInvoker$MethodInvocationAgent.invoke(TestInvoker.java:804)\r\n\tat org.testng.internal.TestInvoker.invokeTestMethods(TestInvoker.java:145)\r\n\tat org.testng.internal.TestMethodWorker.invokeTestMethods(TestMethodWorker.java:146)\r\n\tat org.testng.internal.TestMethodWorker.run(TestMethodWorker.java:128)\r\n\tat java.util.ArrayList.forEach(ArrayList.java:1257)\r\n\tat org.testng.TestRunner.privateRun(TestRunner.java:770)\r\n\tat org.testng.TestRunner.run(TestRunner.java:591)\r\n\tat org.testng.SuiteRunner.runTest(SuiteRunner.java:402)\r\n\tat org.testng.SuiteRunner.runSequentially(SuiteRunner.java:396)\r\n\tat org.testng.SuiteRunner.privateRun(SuiteRunner.java:355)\r\n\tat org.testng.SuiteRunner.run(SuiteRunner.java:304)\r\n\tat org.testng.SuiteRunnerWorker.runSuite(SuiteRunnerWorker.java:53)\r\n\tat org.testng.SuiteRunnerWorker.run(SuiteRunnerWorker.java:96)\r\n\tat org.testng.TestNG.runSuitesSequentially(TestNG.java:1180)\r\n\tat org.testng.TestNG.runSuitesLocally(TestNG.java:1102)\r\n\tat org.testng.TestNG.runSuites(TestNG.java:1032)\r\n\tat org.testng.TestNG.run(TestNG.java:1000)\r\n\tat com.intellij.rt.testng.IDEARemoteTestNG.run(IDEARemoteTestNG.java:66)\r\n\tat com.intellij.rt.testng.RemoteTestNGStarter.main(RemoteTestNGStarter.java:109)\r\n"},"stage":"finished","description":"Verify all users added.","steps":[{"name":"Verify all users added.","status":"failed","statusDetails":{"known":false,"muted":false,"flaky":false,"message":"expected:<0> but was:<13>","trace":"java.lang.AssertionError: expected:<0> but was:<13>\r\n\tat org.testng.AssertJUnit.fail(AssertJUnit.java:47)\r\n\tat org.testng.AssertJUnit.failNotEquals(AssertJUnit.java:330)\r\n\tat org.testng.AssertJUnit.assertEquals(AssertJUnit.java:66)\r\n\tat org.testng.AssertJUnit.assertEquals(AssertJUnit.java:213)\r\n\tat org.testng.AssertJUnit.assertEquals(AssertJUnit.java:218)\r\n\tat Extensions.Verifications.verifyUsersAdded(Verifications.java:37)\r\n\tat GrafanaTests.test0402_verifyAllUserAdded(GrafanaTests.java:46)\r\n\tat sun.reflect.NativeMethodAccessorImpl.invoke0(Native Method)\r\n\tat sun.reflect.NativeMethodAccessorImpl.invoke(NativeMethodAccessorImpl.java:62)\r\n\tat sun.reflect.DelegatingMethodAccessorImpl.invoke(DelegatingMethodAccessorImpl.java:43)\r\n\tat java.lang.reflect.Method.invoke(Method.java:498)\r\n\tat org.testng.internal.MethodInvocationHelper.invokeMethod(MethodInvocationHelper.java:133)\r\n\tat org.testng.internal.TestInvoker.invokeMethod(TestInvoker.java:584)\r\n\tat org.testng.internal.TestInvoker.invokeTestMethod(TestInvoker.java:172)\r\n\tat org.testng.internal.MethodRunner.runInSequence(MethodRunner.java:46)\r\n\tat org.testng.internal.TestInvoker$MethodInvocationAgent.invoke(TestInvoker.java:804)\r\n\tat org.testng.internal.TestInvoker.invokeTestMethods(TestInvoker.java:145)\r\n\tat org.testng.internal.TestMethodWorker.invokeTestMethods(TestMethodWorker.java:146)\r\n\tat org.testng.internal.TestMethodWorker.run(TestMethodWorker.java:128)\r\n\tat java.util.ArrayList.forEach(ArrayList.java:1257)\r\n\tat org.testng.TestRunner.privateRun(TestRunner.java:770)\r\n\tat org.testng.TestRunner.run(TestRunner.java:591)\r\n\tat org.testng.SuiteRunner.runTest(SuiteRunner.java:402)\r\n\tat org.testng.SuiteRunner.runSequentially(SuiteRunner.java:396)\r\n\tat org.testng.SuiteRunner.privateRun(SuiteRunner.java:355)\r\n\tat org.testng.SuiteRunner.run(SuiteRunner.java:304)\r\n\tat org.testng.SuiteRunnerWorker.runSuite(SuiteRunnerWorker.java:53)\r\n\tat org.testng.SuiteRunnerWorker.run(SuiteRunnerWorker.java:96)\r\n\tat org.testng.TestNG.runSuitesSequentially(TestNG.java:1180)\r\n\tat org.testng.TestNG.runSuitesLocally(TestNG.java:1102)\r\n\tat org.testng.TestNG.runSuites(TestNG.java:1032)\r\n\tat org.testng.TestNG.run(TestNG.java:1000)\r\n\tat com.intellij.rt.testng.IDEARemoteTestNG.run(IDEARemoteTestNG.java:66)\r\n\tat com.intellij.rt.testng.RemoteTestNGStarter.main(RemoteTestNGStarter.java:109)\r\n"},"stage":"finished","steps":[],"attachments":[],"parameters":[{"name":"webElements","value":"[]"}],"start":1638363176333,"stop":1638363181401}],"attachments":[],"parameters":[{"name":"PlatformName","value":"web"},{"name":"BrowserName","value":"chrome"},{"name":"DDTFile","value":"./Files/NewUsers.csv"},{"name":"ActiveDB","value":"no"},{"name":"DBPassword","value":""},{"name":"Timeout","value":"5"},{"name":"DBURL","value":""},{"name":"URL","value":"http://localhost:3000/"},{"name":"DBUsername","value":""}],"start":1638363171228,"stop":1638363181404}