{"uuid":"52047c0a-5dce-4528-82d3-0e4a1f9e98b2","historyId":"108a239e980f6f908c7dcf630799ae0e","fullName":"GrafanaTests.test0402_verifyAllUserAdded","labels":[{"name":"package","value":"GrafanaTests"},{"name":"testClass","value":"GrafanaTests"},{"name":"testMethod","value":"test0402_verifyAllUserAdded"},{"name":"parentSuite","value":"Web Suite"},{"name":"suite","value":"Web Test"},{"name":"subSuite","value":"GrafanaTests"},{"name":"host","value":"DESKTOP-K720T7V"},{"name":"thread","value":"28028@DESKTOP-K720T7V.main(1)"},{"name":"framework","value":"testng"},{"name":"language","value":"java"}],"links":[],"name":"Test all users added","status":"failed","statusDetails":{"known":false,"muted":false,"flaky":false,"message":"expected:<13> but was:<14>","trace":"java.lang.AssertionError: expected:<13> but was:<14>\r\n\tat org.testng.AssertJUnit.fail(AssertJUnit.java:47)\r\n\tat org.testng.AssertJUnit.failNotEquals(AssertJUnit.java:330)\r\n\tat org.testng.AssertJUnit.assertEquals(AssertJUnit.java:66)\r\n\tat org.testng.AssertJUnit.assertEquals(AssertJUnit.java:213)\r\n\tat org.testng.AssertJUnit.assertEquals(AssertJUnit.java:218)\r\n\tat Extensions.Verifications.verifyUsersAdded(Verifications.java:38)\r\n\tat GrafanaTests.test0402_verifyAllUserAdded(GrafanaTests.java:50)\r\n\tat sun.reflect.NativeMethodAccessorImpl.invoke0(Native Method)\r\n\tat sun.reflect.NativeMethodAccessorImpl.invoke(NativeMethodAccessorImpl.java:62)\r\n\tat sun.reflect.DelegatingMethodAccessorImpl.invoke(DelegatingMethodAccessorImpl.java:43)\r\n\tat java.lang.reflect.Method.invoke(Method.java:498)\r\n\tat org.testng.internal.MethodInvocationHelper.invokeMethod(MethodInvocationHelper.java:133)\r\n\tat org.testng.internal.TestInvoker.invokeMethod(TestInvoker.java:584)\r\n\tat org.testng.internal.TestInvoker.invokeTestMethod(TestInvoker.java:172)\r\n\tat org.testng.internal.MethodRunner.runInSequence(MethodRunner.java:46)\r\n\tat org.testng.internal.TestInvoker$MethodInvocationAgent.invoke(TestInvoker.java:804)\r\n\tat org.testng.internal.TestInvoker.invokeTestMethods(TestInvoker.java:145)\r\n\tat org.testng.internal.TestMethodWorker.invokeTestMethods(TestMethodWorker.java:146)\r\n\tat org.testng.internal.TestMethodWorker.run(TestMethodWorker.java:128)\r\n\tat java.util.ArrayList.forEach(ArrayList.java:1257)\r\n\tat org.testng.TestRunner.privateRun(TestRunner.java:770)\r\n\tat org.testng.TestRunner.run(TestRunner.java:591)\r\n\tat org.testng.SuiteRunner.runTest(SuiteRunner.java:402)\r\n\tat org.testng.SuiteRunner.runSequentially(SuiteRunner.java:396)\r\n\tat org.testng.SuiteRunner.privateRun(SuiteRunner.java:355)\r\n\tat org.testng.SuiteRunner.run(SuiteRunner.java:304)\r\n\tat org.testng.SuiteRunnerWorker.runSuite(SuiteRunnerWorker.java:53)\r\n\tat org.testng.SuiteRunnerWorker.run(SuiteRunnerWorker.java:96)\r\n\tat org.testng.TestNG.runSuitesSequentially(TestNG.java:1180)\r\n\tat org.testng.TestNG.runSuitesLocally(TestNG.java:1102)\r\n\tat org.testng.TestNG.runSuites(TestNG.java:1032)\r\n\tat org.testng.TestNG.run(TestNG.java:1000)\r\n\tat org.apache.maven.surefire.testng.TestNGExecutor.run(TestNGExecutor.java:283)\r\n\tat org.apache.maven.surefire.testng.TestNGXmlTestSuite.execute(TestNGXmlTestSuite.java:75)\r\n\tat org.apache.maven.surefire.testng.TestNGProvider.invoke(TestNGProvider.java:120)\r\n\tat org.apache.maven.surefire.booter.ForkedBooter.invokeProviderInSameClassLoader(ForkedBooter.java:384)\r\n\tat org.apache.maven.surefire.booter.ForkedBooter.runSuitesInProcess(ForkedBooter.java:345)\r\n\tat org.apache.maven.surefire.booter.ForkedBooter.execute(ForkedBooter.java:126)\r\n\tat org.apache.maven.surefire.booter.ForkedBooter.main(ForkedBooter.java:418)\r\n"},"stage":"finished","description":"Verify all users added.","steps":[{"name":"Hover over web element.","status":"passed","stage":"finished","steps":[],"attachments":[],"parameters":[{"name":"webElement","value":"[[ChromeDriver: chrome on WINDOWS (33186fe7eec1d524d2419e88a90cdb6f)] -> css selector: div:nth-child(7) > a > span > div > svg]"}],"start":1638385186547,"stop":1638385186694},{"name":"Click web element.","status":"passed","stage":"finished","steps":[],"attachments":[],"parameters":[{"name":"webElement","value":"[[ChromeDriver: chrome on WINDOWS (33186fe7eec1d524d2419e88a90cdb6f)] -> css selector: div:nth-child(7) > ul > li:nth-child(2) > a]"}],"start":1638385186712,"stop":1638385186756},{"name":"Verify all users added.","status":"failed","statusDetails":{"known":false,"muted":false,"flaky":false,"message":"expected:<13> but was:<14>","trace":"java.lang.AssertionError: expected:<13> but was:<14>\r\n\tat org.testng.AssertJUnit.fail(AssertJUnit.java:47)\r\n\tat org.testng.AssertJUnit.failNotEquals(AssertJUnit.java:330)\r\n\tat org.testng.AssertJUnit.assertEquals(AssertJUnit.java:66)\r\n\tat org.testng.AssertJUnit.assertEquals(AssertJUnit.java:213)\r\n\tat org.testng.AssertJUnit.assertEquals(AssertJUnit.java:218)\r\n\tat Extensions.Verifications.verifyUsersAdded(Verifications.java:38)\r\n\tat GrafanaTests.test0402_verifyAllUserAdded(GrafanaTests.java:50)\r\n\tat sun.reflect.NativeMethodAccessorImpl.invoke0(Native Method)\r\n\tat sun.reflect.NativeMethodAccessorImpl.invoke(NativeMethodAccessorImpl.java:62)\r\n\tat sun.reflect.DelegatingMethodAccessorImpl.invoke(DelegatingMethodAccessorImpl.java:43)\r\n\tat java.lang.reflect.Method.invoke(Method.java:498)\r\n\tat org.testng.internal.MethodInvocationHelper.invokeMethod(MethodInvocationHelper.java:133)\r\n\tat org.testng.internal.TestInvoker.invokeMethod(TestInvoker.java:584)\r\n\tat org.testng.internal.TestInvoker.invokeTestMethod(TestInvoker.java:172)\r\n\tat org.testng.internal.MethodRunner.runInSequence(MethodRunner.java:46)\r\n\tat org.testng.internal.TestInvoker$MethodInvocationAgent.invoke(TestInvoker.java:804)\r\n\tat org.testng.internal.TestInvoker.invokeTestMethods(TestInvoker.java:145)\r\n\tat org.testng.internal.TestMethodWorker.invokeTestMethods(TestMethodWorker.java:146)\r\n\tat org.testng.internal.TestMethodWorker.run(TestMethodWorker.java:128)\r\n\tat java.util.ArrayList.forEach(ArrayList.java:1257)\r\n\tat org.testng.TestRunner.privateRun(TestRunner.java:770)\r\n\tat org.testng.TestRunner.run(TestRunner.java:591)\r\n\tat org.testng.SuiteRunner.runTest(SuiteRunner.java:402)\r\n\tat org.testng.SuiteRunner.runSequentially(SuiteRunner.java:396)\r\n\tat org.testng.SuiteRunner.privateRun(SuiteRunner.java:355)\r\n\tat org.testng.SuiteRunner.run(SuiteRunner.java:304)\r\n\tat org.testng.SuiteRunnerWorker.runSuite(SuiteRunnerWorker.java:53)\r\n\tat org.testng.SuiteRunnerWorker.run(SuiteRunnerWorker.java:96)\r\n\tat org.testng.TestNG.runSuitesSequentially(TestNG.java:1180)\r\n\tat org.testng.TestNG.runSuitesLocally(TestNG.java:1102)\r\n\tat org.testng.TestNG.runSuites(TestNG.java:1032)\r\n\tat org.testng.TestNG.run(TestNG.java:1000)\r\n\tat org.apache.maven.surefire.testng.TestNGExecutor.run(TestNGExecutor.java:283)\r\n\tat org.apache.maven.surefire.testng.TestNGXmlTestSuite.execute(TestNGXmlTestSuite.java:75)\r\n\tat org.apache.maven.surefire.testng.TestNGProvider.invoke(TestNGProvider.java:120)\r\n\tat org.apache.maven.surefire.booter.ForkedBooter.invokeProviderInSameClassLoader(ForkedBooter.java:384)\r\n\tat org.apache.maven.surefire.booter.ForkedBooter.runSuitesInProcess(ForkedBooter.java:345)\r\n\tat org.apache.maven.surefire.booter.ForkedBooter.execute(ForkedBooter.java:126)\r\n\tat org.apache.maven.surefire.booter.ForkedBooter.main(ForkedBooter.java:418)\r\n"},"stage":"finished","steps":[],"attachments":[],"parameters":[{"name":"webElements","value":"[[[ChromeDriver: chrome on WINDOWS (33186fe7eec1d524d2419e88a90cdb6f)] -> css selector: table > tbody > tr], [[ChromeDriver: chrome on WINDOWS (33186fe7eec1d524d2419e88a90cdb6f)] -> css selector: table > tbody > tr], [[ChromeDriver: chrome on WINDOWS (33186fe7eec1d524d2419e88a90cdb6f)] -> css selector: table > tbody > tr], [[ChromeDriver: chrome on WINDOWS (33186fe7eec1d524d2419e88a90cdb6f)] -> css selector: table > tbody > tr], [[ChromeDriver: chrome on WINDOWS (33186fe7eec1d524d2419e88a90cdb6f)] -> css selector: table > tbody > tr], [[ChromeDriver: chrome on WINDOWS (33186fe7eec1d524d2419e88a90cdb6f)] -> css selector: table > tbody > tr], [[ChromeDriver: chrome on WINDOWS (33186fe7eec1d524d2419e88a90cdb6f)] -> css selector: table > tbody > tr], [[ChromeDriver: chrome on WINDOWS (33186fe7eec1d524d2419e88a90cdb6f)] -> css selector: table > tbody > tr], [[ChromeDriver: chrome on WINDOWS (33186fe7eec1d524d2419e88a90cdb6f)] -> css selector: table > tbody > tr], [[ChromeDriver: chrome on WINDOWS (33186fe7eec1d524d2419e88a90cdb6f)] -> css selector: table > tbody > tr], [[ChromeDriver: chrome on WINDOWS (33186fe7eec1d524d2419e88a90cdb6f)] -> css selector: table > tbody > tr], [[ChromeDriver: chrome on WINDOWS (33186fe7eec1d524d2419e88a90cdb6f)] -> css selector: table > tbody > tr], [[ChromeDriver: chrome on WINDOWS (33186fe7eec1d524d2419e88a90cdb6f)] -> css selector: table > tbody > tr], [[ChromeDriver: chrome on WINDOWS (33186fe7eec1d524d2419e88a90cdb6f)] -> css selector: table > tbody > tr]]"}],"start":1638385186786,"stop":1638385186806}],"attachments":[],"parameters":[{"name":"PlatformName","value":"web"},{"name":"BrowserName","value":"chrome"},{"name":"DDTFile","value":"./Files/NewUsers.csv"},{"name":"ActiveDB","value":"no"},{"name":"DBPassword","value":""},{"name":"Timeout","value":"5"},{"name":"ApiUserName","value":""},{"name":"DBURL","value":""},{"name":"ApiPassword","value":""},{"name":"URL","value":"http://localhost:3000/"},{"name":"DBUsername","value":""}],"start":1638385186534,"stop":1638385186910}