{"uuid":"8d09a998-c018-4efb-9ded-1517fc948160","historyId":"306f02cff10304224b00967f279a3cbe","fullName":"APITests.test4","labels":[{"name":"package","value":"APITests"},{"name":"testClass","value":"APITests"},{"name":"testMethod","value":"test4"},{"name":"parentSuite","value":"Desktop Suite"},{"name":"suite","value":"API Test"},{"name":"subSuite","value":"APITests"},{"name":"host","value":"DESKTOP-K720T7V"},{"name":"thread","value":"1556@DESKTOP-K720T7V.main(1)"},{"name":"framework","value":"testng"},{"name":"language","value":"java"}],"links":[],"name":"Add new admin use","status":"failed","statusDetails":{"known":false,"muted":false,"flaky":false,"message":"expected:<412> but was:<200>","trace":"java.lang.AssertionError: expected:<412> but was:<200>\r\n\tat org.testng.AssertJUnit.fail(AssertJUnit.java:47)\r\n\tat org.testng.AssertJUnit.failNotEquals(AssertJUnit.java:330)\r\n\tat org.testng.AssertJUnit.assertEquals(AssertJUnit.java:66)\r\n\tat org.testng.AssertJUnit.assertEquals(AssertJUnit.java:213)\r\n\tat org.testng.AssertJUnit.assertEquals(AssertJUnit.java:218)\r\n\tat Extensions.Verifications.verifyResponseCode(Verifications.java:54)\r\n\tat APITests.test4(APITests.java:41)\r\n\tat sun.reflect.NativeMethodAccessorImpl.invoke0(Native Method)\r\n\tat sun.reflect.NativeMethodAccessorImpl.invoke(NativeMethodAccessorImpl.java:62)\r\n\tat sun.reflect.DelegatingMethodAccessorImpl.invoke(DelegatingMethodAccessorImpl.java:43)\r\n\tat java.lang.reflect.Method.invoke(Method.java:498)\r\n\tat org.testng.internal.MethodInvocationHelper.invokeMethod(MethodInvocationHelper.java:133)\r\n\tat org.testng.internal.TestInvoker.invokeMethod(TestInvoker.java:584)\r\n\tat org.testng.internal.TestInvoker.invokeTestMethod(TestInvoker.java:172)\r\n\tat org.testng.internal.MethodRunner.runInSequence(MethodRunner.java:46)\r\n\tat org.testng.internal.TestInvoker$MethodInvocationAgent.invoke(TestInvoker.java:804)\r\n\tat org.testng.internal.TestInvoker.invokeTestMethods(TestInvoker.java:145)\r\n\tat org.testng.internal.TestMethodWorker.invokeTestMethods(TestMethodWorker.java:146)\r\n\tat org.testng.internal.TestMethodWorker.run(TestMethodWorker.java:128)\r\n\tat java.util.ArrayList.forEach(ArrayList.java:1257)\r\n\tat org.testng.TestRunner.privateRun(TestRunner.java:770)\r\n\tat org.testng.TestRunner.run(TestRunner.java:591)\r\n\tat org.testng.SuiteRunner.runTest(SuiteRunner.java:402)\r\n\tat org.testng.SuiteRunner.runSequentially(SuiteRunner.java:396)\r\n\tat org.testng.SuiteRunner.privateRun(SuiteRunner.java:355)\r\n\tat org.testng.SuiteRunner.run(SuiteRunner.java:304)\r\n\tat org.testng.SuiteRunnerWorker.runSuite(SuiteRunnerWorker.java:53)\r\n\tat org.testng.SuiteRunnerWorker.run(SuiteRunnerWorker.java:96)\r\n\tat org.testng.TestNG.runSuitesSequentially(TestNG.java:1180)\r\n\tat org.testng.TestNG.runSuitesLocally(TestNG.java:1102)\r\n\tat org.testng.TestNG.runSuites(TestNG.java:1032)\r\n\tat org.testng.TestNG.run(TestNG.java:1000)\r\n\tat org.apache.maven.surefire.testng.TestNGExecutor.run(TestNGExecutor.java:283)\r\n\tat org.apache.maven.surefire.testng.TestNGXmlTestSuite.execute(TestNGXmlTestSuite.java:75)\r\n\tat org.apache.maven.surefire.testng.TestNGProvider.invoke(TestNGProvider.java:120)\r\n\tat org.apache.maven.surefire.booter.ForkedBooter.invokeProviderInSameClassLoader(ForkedBooter.java:384)\r\n\tat org.apache.maven.surefire.booter.ForkedBooter.runSuitesInProcess(ForkedBooter.java:345)\r\n\tat org.apache.maven.surefire.booter.ForkedBooter.execute(ForkedBooter.java:126)\r\n\tat org.apache.maven.surefire.booter.ForkedBooter.main(ForkedBooter.java:418)\r\n"},"stage":"finished","description":"Verify new admin user is added","steps":[{"name":"Post","status":"passed","stage":"finished","steps":[],"attachments":[],"parameters":[{"name":"par","value":"{\"password\":\"userpassword\",\"name\":\"NewUser\",\"login\":\"NewUser\",\"email\":\"newuser@example.com\"}"}],"start":1638384881161,"stop":1638384881185},{"name":"Verify Api response code","status":"failed","statusDetails":{"known":false,"muted":false,"flaky":false,"message":"expected:<412> but was:<200>","trace":"java.lang.AssertionError: expected:<412> but was:<200>\r\n\tat org.testng.AssertJUnit.fail(AssertJUnit.java:47)\r\n\tat org.testng.AssertJUnit.failNotEquals(AssertJUnit.java:330)\r\n\tat org.testng.AssertJUnit.assertEquals(AssertJUnit.java:66)\r\n\tat org.testng.AssertJUnit.assertEquals(AssertJUnit.java:213)\r\n\tat org.testng.AssertJUnit.assertEquals(AssertJUnit.java:218)\r\n\tat Extensions.Verifications.verifyResponseCode(Verifications.java:54)\r\n\tat APITests.test4(APITests.java:41)\r\n\tat sun.reflect.NativeMethodAccessorImpl.invoke0(Native Method)\r\n\tat sun.reflect.NativeMethodAccessorImpl.invoke(NativeMethodAccessorImpl.java:62)\r\n\tat sun.reflect.DelegatingMethodAccessorImpl.invoke(DelegatingMethodAccessorImpl.java:43)\r\n\tat java.lang.reflect.Method.invoke(Method.java:498)\r\n\tat org.testng.internal.MethodInvocationHelper.invokeMethod(MethodInvocationHelper.java:133)\r\n\tat org.testng.internal.TestInvoker.invokeMethod(TestInvoker.java:584)\r\n\tat org.testng.internal.TestInvoker.invokeTestMethod(TestInvoker.java:172)\r\n\tat org.testng.internal.MethodRunner.runInSequence(MethodRunner.java:46)\r\n\tat org.testng.internal.TestInvoker$MethodInvocationAgent.invoke(TestInvoker.java:804)\r\n\tat org.testng.internal.TestInvoker.invokeTestMethods(TestInvoker.java:145)\r\n\tat org.testng.internal.TestMethodWorker.invokeTestMethods(TestMethodWorker.java:146)\r\n\tat org.testng.internal.TestMethodWorker.run(TestMethodWorker.java:128)\r\n\tat java.util.ArrayList.forEach(ArrayList.java:1257)\r\n\tat org.testng.TestRunner.privateRun(TestRunner.java:770)\r\n\tat org.testng.TestRunner.run(TestRunner.java:591)\r\n\tat org.testng.SuiteRunner.runTest(SuiteRunner.java:402)\r\n\tat org.testng.SuiteRunner.runSequentially(SuiteRunner.java:396)\r\n\tat org.testng.SuiteRunner.privateRun(SuiteRunner.java:355)\r\n\tat org.testng.SuiteRunner.run(SuiteRunner.java:304)\r\n\tat org.testng.SuiteRunnerWorker.runSuite(SuiteRunnerWorker.java:53)\r\n\tat org.testng.SuiteRunnerWorker.run(SuiteRunnerWorker.java:96)\r\n\tat org.testng.TestNG.runSuitesSequentially(TestNG.java:1180)\r\n\tat org.testng.TestNG.runSuitesLocally(TestNG.java:1102)\r\n\tat org.testng.TestNG.runSuites(TestNG.java:1032)\r\n\tat org.testng.TestNG.run(TestNG.java:1000)\r\n\tat org.apache.maven.surefire.testng.TestNGExecutor.run(TestNGExecutor.java:283)\r\n\tat org.apache.maven.surefire.testng.TestNGXmlTestSuite.execute(TestNGXmlTestSuite.java:75)\r\n\tat org.apache.maven.surefire.testng.TestNGProvider.invoke(TestNGProvider.java:120)\r\n\tat org.apache.maven.surefire.booter.ForkedBooter.invokeProviderInSameClassLoader(ForkedBooter.java:384)\r\n\tat org.apache.maven.surefire.booter.ForkedBooter.runSuitesInProcess(ForkedBooter.java:345)\r\n\tat org.apache.maven.surefire.booter.ForkedBooter.execute(ForkedBooter.java:126)\r\n\tat org.apache.maven.surefire.booter.ForkedBooter.main(ForkedBooter.java:418)\r\n"},"stage":"finished","steps":[],"attachments":[],"parameters":[{"name":"response","value":"412"},{"name":"code","value":"200"}],"start":1638384881186,"stop":1638384881187}],"attachments":[],"parameters":[{"name":"PlatformName","value":"api"},{"name":"BrowserName","value":"chrome"},{"name":"DDTFile","value":".\\Files\\NewUsers.csv"},{"name":"ActiveDB","value":"no"},{"name":"DBPassword","value":""},{"name":"Timeout","value":"5"},{"name":"ApiUserName","value":"admin"},{"name":"DBURL","value":""},{"name":"ApiPassword","value":"12345"},{"name":"URL","value":"http://localhost:3000/"},{"name":"DBUsername","value":""}],"start":1638384881153,"stop":1638384881187}