{"uuid":"99f3a81a-0080-4ae1-acb7-1abfd7ad3a26","historyId":"41b19dc25bd5bd867ebc0c4ae18dfd0e","fullName":"DesktopAppTests.test2","labels":[{"name":"package","value":"DesktopAppTests"},{"name":"testClass","value":"DesktopAppTests"},{"name":"testMethod","value":"test2"},{"name":"parentSuite","value":"Desktop Suite"},{"name":"suite","value":"Desktop Test"},{"name":"subSuite","value":"DesktopAppTests"},{"name":"host","value":"Rolan"},{"name":"thread","value":"31372@Rolan.main(1)"},{"name":"framework","value":"testng"},{"name":"language","value":"java"}],"links":[],"name":"Test Multiplication function","status":"failed","statusDetails":{"known":false,"muted":false,"flaky":false,"message":"expected:<63> but was:<70>","trace":"java.lang.AssertionError: expected:<63> but was:<70>\r\n\tat org.testng.AssertJUnit.assertEquals(AssertJUnit.java:82)\r\n\tat org.testng.AssertJUnit.assertEquals(AssertJUnit.java:87)\r\n\tat Extensions.Verifications.verifyText(Verifications.java:22)\r\n\tat DesktopAppTests.test2(DesktopAppTests.java:24)\r\n\tat sun.reflect.NativeMethodAccessorImpl.invoke0(Native Method)\r\n\tat sun.reflect.NativeMethodAccessorImpl.invoke(NativeMethodAccessorImpl.java:62)\r\n\tat sun.reflect.DelegatingMethodAccessorImpl.invoke(DelegatingMethodAccessorImpl.java:43)\r\n\tat java.lang.reflect.Method.invoke(Method.java:498)\r\n\tat org.testng.internal.MethodInvocationHelper.invokeMethod(MethodInvocationHelper.java:133)\r\n\tat org.testng.internal.TestInvoker.invokeMethod(TestInvoker.java:584)\r\n\tat org.testng.internal.TestInvoker.invokeTestMethod(TestInvoker.java:172)\r\n\tat org.testng.internal.MethodRunner.runInSequence(MethodRunner.java:46)\r\n\tat org.testng.internal.TestInvoker$MethodInvocationAgent.invoke(TestInvoker.java:804)\r\n\tat org.testng.internal.TestInvoker.invokeTestMethods(TestInvoker.java:145)\r\n\tat org.testng.internal.TestMethodWorker.invokeTestMethods(TestMethodWorker.java:146)\r\n\tat org.testng.internal.TestMethodWorker.run(TestMethodWorker.java:128)\r\n\tat java.util.ArrayList.forEach(ArrayList.java:1257)\r\n\tat org.testng.TestRunner.privateRun(TestRunner.java:770)\r\n\tat org.testng.TestRunner.run(TestRunner.java:591)\r\n\tat org.testng.SuiteRunner.runTest(SuiteRunner.java:402)\r\n\tat org.testng.SuiteRunner.runSequentially(SuiteRunner.java:396)\r\n\tat org.testng.SuiteRunner.privateRun(SuiteRunner.java:355)\r\n\tat org.testng.SuiteRunner.run(SuiteRunner.java:304)\r\n\tat org.testng.SuiteRunnerWorker.runSuite(SuiteRunnerWorker.java:53)\r\n\tat org.testng.SuiteRunnerWorker.run(SuiteRunnerWorker.java:96)\r\n\tat org.testng.TestNG.runSuitesSequentially(TestNG.java:1180)\r\n\tat org.testng.TestNG.runSuitesLocally(TestNG.java:1102)\r\n\tat org.testng.TestNG.runSuites(TestNG.java:1032)\r\n\tat org.testng.TestNG.run(TestNG.java:1000)\r\n\tat com.intellij.rt.testng.IDEARemoteTestNG.run(IDEARemoteTestNG.java:66)\r\n\tat com.intellij.rt.testng.RemoteTestNGStarter.main(RemoteTestNGStarter.java:109)\r\n"},"stage":"finished","description":"Verify Multiplication function result","steps":[{"name":"Click web element.","status":"passed","stage":"finished","steps":[],"attachments":[],"parameters":[{"name":"webElement","value":"[[io.appium.java_client.windows.WindowsDriver, Capabilities: {app=Microsoft.WindowsCalculator_8wekyb3d8bbwe!App, javascriptEnabled=true, platform=WINDOWS, platformName=Windows}] -> name: Seven]"}],"start":1638375906899,"stop":1638375907245},{"name":"Click web element.","status":"passed","stage":"finished","steps":[],"attachments":[],"parameters":[{"name":"webElement","value":"[[io.appium.java_client.windows.WindowsDriver, Capabilities: {app=Microsoft.WindowsCalculator_8wekyb3d8bbwe!App, javascriptEnabled=true, platform=WINDOWS, platformName=Windows}] -> name: Multiply by]"}],"start":1638375907384,"stop":1638375907728},{"name":"Click web element.","status":"passed","stage":"finished","steps":[],"attachments":[],"parameters":[{"name":"webElement","value":"[[io.appium.java_client.windows.WindowsDriver, Capabilities: {app=Microsoft.WindowsCalculator_8wekyb3d8bbwe!App, javascriptEnabled=true, platform=WINDOWS, platformName=Windows}] -> name: Nine]"}],"start":1638375907900,"stop":1638375908212},{"name":"Click web element.","status":"passed","stage":"finished","steps":[],"attachments":[],"parameters":[{"name":"webElement","value":"[[io.appium.java_client.windows.WindowsDriver, Capabilities: {app=Microsoft.WindowsCalculator_8wekyb3d8bbwe!App, javascriptEnabled=true, platform=WINDOWS, platformName=Windows}] -> name: Equals]"}],"start":1638375908362,"stop":1638375908840},{"name":"Verify given strings.","status":"failed","statusDetails":{"known":false,"muted":false,"flaky":false,"message":"expected:<63> but was:<70>","trace":"java.lang.AssertionError: expected:<63> but was:<70>\r\n\tat org.testng.AssertJUnit.assertEquals(AssertJUnit.java:82)\r\n\tat org.testng.AssertJUnit.assertEquals(AssertJUnit.java:87)\r\n\tat Extensions.Verifications.verifyText(Verifications.java:22)\r\n\tat DesktopAppTests.test2(DesktopAppTests.java:24)\r\n\tat sun.reflect.NativeMethodAccessorImpl.invoke0(Native Method)\r\n\tat sun.reflect.NativeMethodAccessorImpl.invoke(NativeMethodAccessorImpl.java:62)\r\n\tat sun.reflect.DelegatingMethodAccessorImpl.invoke(DelegatingMethodAccessorImpl.java:43)\r\n\tat java.lang.reflect.Method.invoke(Method.java:498)\r\n\tat org.testng.internal.MethodInvocationHelper.invokeMethod(MethodInvocationHelper.java:133)\r\n\tat org.testng.internal.TestInvoker.invokeMethod(TestInvoker.java:584)\r\n\tat org.testng.internal.TestInvoker.invokeTestMethod(TestInvoker.java:172)\r\n\tat org.testng.internal.MethodRunner.runInSequence(MethodRunner.java:46)\r\n\tat org.testng.internal.TestInvoker$MethodInvocationAgent.invoke(TestInvoker.java:804)\r\n\tat org.testng.internal.TestInvoker.invokeTestMethods(TestInvoker.java:145)\r\n\tat org.testng.internal.TestMethodWorker.invokeTestMethods(TestMethodWorker.java:146)\r\n\tat org.testng.internal.TestMethodWorker.run(TestMethodWorker.java:128)\r\n\tat java.util.ArrayList.forEach(ArrayList.java:1257)\r\n\tat org.testng.TestRunner.privateRun(TestRunner.java:770)\r\n\tat org.testng.TestRunner.run(TestRunner.java:591)\r\n\tat org.testng.SuiteRunner.runTest(SuiteRunner.java:402)\r\n\tat org.testng.SuiteRunner.runSequentially(SuiteRunner.java:396)\r\n\tat org.testng.SuiteRunner.privateRun(SuiteRunner.java:355)\r\n\tat org.testng.SuiteRunner.run(SuiteRunner.java:304)\r\n\tat org.testng.SuiteRunnerWorker.runSuite(SuiteRunnerWorker.java:53)\r\n\tat org.testng.SuiteRunnerWorker.run(SuiteRunnerWorker.java:96)\r\n\tat org.testng.TestNG.runSuitesSequentially(TestNG.java:1180)\r\n\tat org.testng.TestNG.runSuitesLocally(TestNG.java:1102)\r\n\tat org.testng.TestNG.runSuites(TestNG.java:1032)\r\n\tat org.testng.TestNG.run(TestNG.java:1000)\r\n\tat com.intellij.rt.testng.IDEARemoteTestNG.run(IDEARemoteTestNG.java:66)\r\n\tat com.intellij.rt.testng.RemoteTestNGStarter.main(RemoteTestNGStarter.java:109)\r\n"},"stage":"finished","steps":[],"attachments":[],"parameters":[{"name":"actual","value":"63"},{"name":"expected","value":"70"}],"start":1638375909294,"stop":1638375909295}],"attachments":[],"parameters":[{"name":"PlatformName","value":"desktop"},{"name":"BrowserName","value":"chrome"},{"name":"DDTFile","value":".\\Files\\NewUsers.csv"},{"name":"ActiveDB","value":"no"},{"name":"DBPassword","value":""},{"name":"Timeout","value":"5"},{"name":"ApiUserName","value":""},{"name":"DBURL","value":""},{"name":"ApiPassword","value":""},{"name":"URL","value":"http://localhost:3000/"},{"name":"DBUsername","value":""}],"start":1638375906725,"stop":1638375909417}